[2022-09-21 12:57:41] local.ERROR: SQLSTATE[42S02]: Base table or view not found: 1146 Table 'laravelcourse.orders' doesn't exist (SQL: select * from `orders` order by `id` desc) {"userId":2,"exception":"[object] (Illuminate\\Database\\QueryException(code: 42S02): SQLSTATE[42S02]: Base table or view not found: 1146 Table 'laravelcourse.orders' doesn't exist (SQL: select * from `orders` order by `id` desc) at C:\\Users\\57316\\AppData\\Local\\Programs\\XAMPP\\htdocs\\PokemonStore_top_soft\\pokemonstore\\vendor\\laravel\\framework\\src\\Illuminate\\Database\\Connection.php:759)
[stacktrace]
#0 C:\\Users\\57316\\AppData\\Local\\Programs\\XAMPP\\htdocs\\PokemonStore_top_soft\\pokemonstore\\vendor\\laravel\\framework\\src\\Illuminate\\Database\\Connection.php(719): Illuminate\\Database\\Connection->runQueryCallback('select * from `...', Array, Object(Closure))
#1 C:\\Users\\57316\\AppData\\Local\\Programs\\XAMPP\\htdocs\\PokemonStore_top_soft\\pokemonstore\\vendor\\laravel\\framework\\src\\Illuminate\\Database\\Connection.php(421): Illuminate\\Database\\Connection->run('select * from `...', Array, Object(Closure))
#2 C:\\Users\\57316\\AppData\\Local\\Programs\\XAMPP\\htdocs\\PokemonStore_top_soft\\pokemonstore\\vendor\\laravel\\framework\\src\\Illuminate\\Database\\Query\\Builder.php(2630): Illuminate\\Database\\Connection->select('select * from `...', Array, true)
#3 C:\\Users\\57316\\AppData\\Local\\Programs\\XAMPP\\htdocs\\PokemonStore_top_soft\\pokemonstore\\vendor\\laravel\\framework\\src\\Illuminate\\Database\\Query\\Builder.php(2618): Illuminate\\Database\\Query\\Builder->runSelect()
#4 C:\\Users\\57316\\AppData\\Local\\Programs\\XAMPP\\htdocs\\PokemonStore_top_soft\\pokemonstore\\vendor\\laravel\\framework\\src\\Illuminate\\Database\\Query\\Builder.php(3154): Illuminate\\Database\\Query\\Builder->Illuminate\\Database\\Query\\{closure}()
#5 C:\\Users\\57316\\AppData\\Local\\Programs\\XAMPP\\htdocs\\PokemonStore_top_soft\\pokemonstore\\vendor\\laravel\\framework\\src\\Illuminate\\Database\\Query\\Builder.php(2619): Illuminate\\Database\\Query\\Builder->onceWithColumns(Array, Object(Closure))
#6 C:\\Users\\57316\\AppData\\Local\\Programs\\XAMPP\\htdocs\\PokemonStore_top_soft\\pokemonstore\\vendor\\laravel\\framework\\src\\Illuminate\\Database\\Eloquent\\Builder.php(699): Illuminate\\Database\\Query\\Builder->get(Array)
#7 C:\\Users\\57316\\AppData\\Local\\Programs\\XAMPP\\htdocs\\PokemonStore_top_soft\\pokemonstore\\vendor\\laravel\\framework\\src\\Illuminate\\Database\\Eloquent\\Builder.php(683): Illuminate\\Database\\Eloquent\\Builder->getModels(Array)
#8 C:\\Users\\57316\\AppData\\Local\\Programs\\XAMPP\\htdocs\\PokemonStore_top_soft\\pokemonstore\\app\\Http\\Controllers\\HomeController.php(12): Illuminate\\Database\\Eloquent\\Builder->get()
#9 C:\\Users\\57316\\AppData\\Local\\Programs\\XAMPP\\htdocs\\PokemonStore_top_soft\\pokemonstore\\vendor\\laravel\\framework\\src\\Illuminate\\Routing\\Controller.php(54): App\\Http\\Controllers\\HomeController->index()
#10 C:\\Users\\57316\\AppData\\Local\\Programs\\XAMPP\\htdocs\\PokemonStore_top_soft\\pokemonstore\\vendor\\laravel\\framework\\src\\Illuminate\\Routing\\ControllerDispatcher.php(45): Illuminate\\Routing\\Controller->callAction('index', Array)
#11 C:\\Users\\57316\\AppData\\Local\\Programs\\XAMPP\\htdocs\\PokemonStore_top_soft\\pokemonstore\\vendor\\laravel\\framework\\src\\Illuminate\\Routing\\Route.php(261): Illuminate\\Routing\\ControllerDispatcher->dispatch(Object(Illuminate\\Routing\\Route), Object(App\\Http\\Controllers\\HomeController), 'index')
#12 C:\\Users\\57316\\AppData\\Local\\Programs\\XAMPP\\htdocs\\PokemonStore_top_soft\\pokemonstore\\vendor\\laravel\\framework\\src\\Illuminate\\Routing\\Route.php(204): Illuminate\\Routing\\Route->runController()
#13 C:\\Users\\57316\\AppData\\Local\\Programs\\XAMPP\\htdocs\\PokemonStore_top_soft\\pokemonstore\\vendor\\laravel\\framework\\src\\Illuminate\\Routing\\Router.php(725): Illuminate\\Routing\\Route->run()
#14 C:\\Users\\57316\\AppData\\Local\\Programs\\XAMPP\\htdocs\\PokemonStore_top_soft\\pokemonstore\\vendor\\laravel\\framework\\src\\Illuminate\\Pipeline\\Pipeline.php(141): Illuminate\\Routing\\Router->Illuminate\\Routing\\{closure}(Object(Illuminate\\Http\\Request))
#15 C:\\Users\\57316\\AppData\\Local\\Programs\\XAMPP\\htdocs\\PokemonStore_top_soft\\pokemonstore\\vendor\\laravel\\framework\\src\\Illuminate\\Routing\\Middleware\\SubstituteBindings.php(50): Illuminate\\Pipeline\\Pipeline->Illuminate\\Pipeline\\{closure}(Object(Illuminate\\Http\\Request))
#16 C:\\Users\\57316\\AppData\\Local\\Programs\\XAMPP\\htdocs\\PokemonStore_top_soft\\pokemonstore\\vendor\\laravel\\framework\\src\\Illuminate\\Pipeline\\Pipeline.php(180): Illuminate\\Routing\\Middleware\\SubstituteBindings->handle(Object(Illuminate\\Http\\Request), Object(Closure))
#17 C:\\Users\\57316\\AppData\\Local\\Programs\\XAMPP\\htdocs\\PokemonStore_top_soft\\pokemonstore\\vendor\\laravel\\framework\\src\\Illuminate\\Auth\\Middleware\\Authenticate.php(44): Illuminate\\Pipeline\\Pipeline->Illuminate\\Pipeline\\{closure}(Object(Illuminate\\Http\\Request))
#18 C:\\Users\\57316\\AppData\\Local\\Programs\\XAMPP\\htdocs\\PokemonStore_top_soft\\pokemonstore\\vendor\\laravel\\framework\\src\\Illuminate\\Pipeline\\Pipeline.php(180): Illuminate\\Auth\\Middleware\\Authenticate->handle(Object(Illuminate\\Http\\Request), Object(Closure))
#19 C:\\Users\\57316\\AppData\\Local\\Programs\\XAMPP\\htdocs\\PokemonStore_top_soft\\pokemonstore\\vendor\\laravel\\framework\\src\\Illuminate\\Foundation\\Http\\Middleware\\VerifyCsrfToken.php(78): Illuminate\\Pipeline\\Pipeline->Illuminate\\Pipeline\\{closure}(Object(Illuminate\\Http\\Request))
#20 C:\\Users\\57316\\AppData\\Local\\Programs\\XAMPP\\htdocs\\PokemonStore_top_soft\\pokemonstore\\vendor\\laravel\\framework\\src\\Illuminate\\Pipeline\\Pipeline.php(180): Illuminate\\Foundation\\Http\\Middleware\\VerifyCsrfToken->handle(Object(Illuminate\\Http\\Request), Object(Closure))
#21 C:\\Users\\57316\\AppData\\Local\\Programs\\XAMPP\\htdocs\\PokemonStore_top_soft\\pokemonstore\\vendor\\laravel\\framework\\src\\Illuminate\\View\\Middleware\\ShareErrorsFromSession.php(49): Illuminate\\Pipeline\\Pipeline->Illuminate\\Pipeline\\{closure}(Object(Illuminate\\Http\\Request))
#22 C:\\Users\\57316\\AppData\\Local\\Programs\\XAMPP\\htdocs\\PokemonStore_top_soft\\pokemonstore\\vendor\\laravel\\framework\\src\\Illuminate\\Pipeline\\Pipeline.php(180): Illuminate\\View\\Middleware\\ShareErrorsFromSession->handle(Object(Illuminate\\Http\\Request), Object(Closure))
#23 C:\\Users\\57316\\AppData\\Local\\Programs\\XAMPP\\htdocs\\PokemonStore_top_soft\\pokemonstore\\vendor\\laravel\\framework\\src\\Illuminate\\Session\\Middleware\\StartSession.php(121): Illuminate\\Pipeline\\Pipeline->Illuminate\\Pipeline\\{closure}(Object(Illuminate\\Http\\Request))
#24 C:\\Users\\57316\\AppData\\Local\\Programs\\XAMPP\\htdocs\\PokemonStore_top_soft\\pokemonstore\\vendor\\laravel\\framework\\src\\Illuminate\\Session\\Middleware\\StartSession.php(64): Illuminate\\Session\\Middleware\\StartSession->handleStatefulRequest(Object(Illuminate\\Http\\Request), Object(Illuminate\\Session\\Store), Object(Closure))
#25 C:\\Users\\57316\\AppData\\Local\\Programs\\XAMPP\\htdocs\\PokemonStore_top_soft\\pokemonstore\\vendor\\laravel\\framework\\src\\Illuminate\\Pipeline\\Pipeline.php(180): Illuminate\\Session\\Middleware\\StartSession->handle(Object(Illuminate\\Http\\Request), Object(Closure))
#26 C:\\Users\\57316\\AppData\\Local\\Programs\\XAMPP\\htdocs\\PokemonStore_top_soft\\pokemonstore\\vendor\\laravel\\framework\\src\\Illuminate\\Cookie\\Middleware\\AddQueuedCookiesToResponse.php(37): Illuminate\\Pipeline\\Pipeline->Illuminate\\Pipeline\\{closure}(Object(Illuminate\\Http\\Request))
#27 C:\\Users\\57316\\AppData\\Local\\Programs\\XAMPP\\htdocs\\PokemonStore_top_soft\\pokemonstore\\vendor\\laravel\\framework\\src\\Illuminate\\Pipeline\\Pipeline.php(180): Illuminate\\Cookie\\Middleware\\AddQueuedCookiesToResponse->handle(Object(Illuminate\\Http\\Request), Object(Closure))
#28 C:\\Users\\57316\\AppData\\Local\\Programs\\XAMPP\\htdocs\\PokemonStore_top_soft\\pokemonstore\\vendor\\laravel\\framework\\src\\Illuminate\\Cookie\\Middleware\\EncryptCookies.php(67): Illuminate\\Pipeline\\Pipeline->Illuminate\\Pipeline\\{closure}(Object(Illuminate\\Http\\Request))
#29 C:\\Users\\57316\\AppData\\Local\\Programs\\XAMPP\\htdocs\\PokemonStore_top_soft\\pokemonstore\\vendor\\laravel\\framework\\src\\Illuminate\\Pipeline\\Pipeline.php(180): Illuminate\\Cookie\\Middleware\\EncryptCookies->handle(Object(Illuminate\\Http\\Request), Object(Closure))
#30 C:\\Users\\57316\\AppData\\Local\\Programs\\XAMPP\\htdocs\\PokemonStore_top_soft\\pokemonstore\\vendor\\laravel\\framework\\src\\Illuminate\\Pipeline\\Pipeline.php(116): Illuminate\\Pipeline\\Pipeline->Illuminate\\Pipeline\\{closure}(Object(Illuminate\\Http\\Request))
#31 C:\\Users\\57316\\AppData\\Local\\Programs\\XAMPP\\htdocs\\PokemonStore_top_soft\\pokemonstore\\vendor\\laravel\\framework\\src\\Illuminate\\Routing\\Router.php(726): Illuminate\\Pipeline\\Pipeline->then(Object(Closure))
#32 C:\\Users\\57316\\AppData\\Local\\Programs\\XAMPP\\htdocs\\PokemonStore_top_soft\\pokemonstore\\vendor\\laravel\\framework\\src\\Illuminate\\Routing\\Router.php(703): Illuminate\\Routing\\Router->runRouteWithinStack(Object(Illuminate\\Routing\\Route), Object(Illuminate\\Http\\Request))
#33 C:\\Users\\57316\\AppData\\Local\\Programs\\XAMPP\\htdocs\\PokemonStore_top_soft\\pokemonstore\\vendor\\laravel\\framework\\src\\Illuminate\\Routing\\Router.php(667): Illuminate\\Routing\\Router->runRoute(Object(Illuminate\\Http\\Request), Object(Illuminate\\Routing\\Route))
#34 C:\\Users\\57316\\AppData\\Local\\Programs\\XAMPP\\htdocs\\PokemonStore_top_soft\\pokemonstore\\vendor\\laravel\\framework\\src\\Illuminate\\Routing\\Router.php(656): Illuminate\\Routing\\Router->dispatchToRoute(Object(Illuminate\\Http\\Request))
#35 C:\\Users\\57316\\AppData\\Local\\Programs\\XAMPP\\htdocs\\PokemonStore_top_soft\\pokemonstore\\vendor\\laravel\\framework\\src\\Illuminate\\Foundation\\Http\\Kernel.php(167): Illuminate\\Routing\\Router->dispatch(Object(Illuminate\\Http\\Request))
#36 C:\\Users\\57316\\AppData\\Local\\Programs\\XAMPP\\htdocs\\PokemonStore_top_soft\\pokemonstore\\vendor\\laravel\\framework\\src\\Illuminate\\Pipeline\\Pipeline.php(141): Illuminate\\Foundation\\Http\\Kernel->Illuminate\\Foundation\\Http\\{closure}(Object(Illuminate\\Http\\Request))
#37 C:\\Users\\57316\\AppData\\Local\\Programs\\XAMPP\\htdocs\\PokemonStore_top_soft\\pokemonstore\\vendor\\laravel\\framework\\src\\Illuminate\\Foundation\\Http\\Middleware\\TransformsRequest.php(21): Illuminate\\Pipeline\\Pipeline->Illuminate\\Pipeline\\{closure}(Object(Illuminate\\Http\\Request))
#38 C:\\Users\\57316\\AppData\\Local\\Programs\\XAMPP\\htdocs\\PokemonStore_top_soft\\pokemonstore\\vendor\\laravel\\framework\\src\\Illuminate\\Foundation\\Http\\Middleware\\ConvertEmptyStringsToNull.php(31): Illuminate\\Foundation\\Http\\Middleware\\TransformsRequest->handle(Object(Illuminate\\Http\\Request), Object(Closure))
#39 C:\\Users\\57316\\AppData\\Local\\Programs\\XAMPP\\htdocs\\PokemonStore_top_soft\\pokemonstore\\vendor\\laravel\\framework\\src\\Illuminate\\Pipeline\\Pipeline.php(180): Illuminate\\Foundation\\Http\\Middleware\\ConvertEmptyStringsToNull->handle(Object(Illuminate\\Http\\Request), Object(Closure))
#40 C:\\Users\\57316\\AppData\\Local\\Programs\\XAMPP\\htdocs\\PokemonStore_top_soft\\pokemonstore\\vendor\\laravel\\framework\\src\\Illuminate\\Foundation\\Http\\Middleware\\TransformsRequest.php(21): Illuminate\\Pipeline\\Pipeline->Illuminate\\Pipeline\\{closure}(Object(Illuminate\\Http\\Request))
#41 C:\\Users\\57316\\AppData\\Local\\Programs\\XAMPP\\htdocs\\PokemonStore_top_soft\\pokemonstore\\vendor\\laravel\\framework\\src\\Illuminate\\Foundation\\Http\\Middleware\\TrimStrings.php(40): Illuminate\\Foundation\\Http\\Middleware\\TransformsRequest->handle(Object(Illuminate\\Http\\Request), Object(Closure))
#42 C:\\Users\\57316\\AppData\\Local\\Programs\\XAMPP\\htdocs\\PokemonStore_top_soft\\pokemonstore\\vendor\\laravel\\framework\\src\\Illuminate\\Pipeline\\Pipeline.php(180): Illuminate\\Foundation\\Http\\Middleware\\TrimStrings->handle(Object(Illuminate\\Http\\Request), Object(Closure))
#43 C:\\Users\\57316\\AppData\\Local\\Programs\\XAMPP\\htdocs\\PokemonStore_top_soft\\pokemonstore\\vendor\\laravel\\framework\\src\\Illuminate\\Foundation\\Http\\Middleware\\ValidatePostSize.php(27): Illuminate\\Pipeline\\Pipeline->Illuminate\\Pipeline\\{closure}(Object(Illuminate\\Http\\Request))
#44 C:\\Users\\57316\\AppData\\Local\\Programs\\XAMPP\\htdocs\\PokemonStore_top_soft\\pokemonstore\\vendor\\laravel\\framework\\src\\Illuminate\\Pipeline\\Pipeline.php(180): Illuminate\\Foundation\\Http\\Middleware\\ValidatePostSize->handle(Object(Illuminate\\Http\\Request), Object(Closure))
#45 C:\\Users\\57316\\AppData\\Local\\Programs\\XAMPP\\htdocs\\PokemonStore_top_soft\\pokemonstore\\vendor\\laravel\\framework\\src\\Illuminate\\Foundation\\Http\\Middleware\\PreventRequestsDuringMaintenance.php(86): Illuminate\\Pipeline\\Pipeline->Illuminate\\Pipeline\\{closure}(Object(Illuminate\\Http\\Request))
#46 C:\\Users\\57316\\AppData\\Local\\Programs\\XAMPP\\htdocs\\PokemonStore_top_soft\\pokemonstore\\vendor\\laravel\\framework\\src\\Illuminate\\Pipeline\\Pipeline.php(180): Illuminate\\Foundation\\Http\\Middleware\\PreventRequestsDuringMaintenance->handle(Object(Illuminate\\Http\\Request), Object(Closure))
#47 C:\\Users\\57316\\AppData\\Local\\Programs\\XAMPP\\htdocs\\PokemonStore_top_soft\\pokemonstore\\vendor\\laravel\\framework\\src\\Illuminate\\Http\\Middleware\\HandleCors.php(49): Illuminate\\Pipeline\\Pipeline->Illuminate\\Pipeline\\{closure}(Object(Illuminate\\Http\\Request))
#48 C:\\Users\\57316\\AppData\\Local\\Programs\\XAMPP\\htdocs\\PokemonStore_top_soft\\pokemonstore\\vendor\\laravel\\framework\\src\\Illuminate\\Pipeline\\Pipeline.php(180): Illuminate\\Http\\Middleware\\HandleCors->handle(Object(Illuminate\\Http\\Request), Object(Closure))
#49 C:\\Users\\57316\\AppData\\Local\\Programs\\XAMPP\\htdocs\\PokemonStore_top_soft\\pokemonstore\\vendor\\laravel\\framework\\src\\Illuminate\\Http\\Middleware\\TrustProxies.php(39): Illuminate\\Pipeline\\Pipeline->Illuminate\\Pipeline\\{closure}(Object(Illuminate\\Http\\Request))
#50 C:\\Users\\57316\\AppData\\Local\\Programs\\XAMPP\\htdocs\\PokemonStore_top_soft\\pokemonstore\\vendor\\laravel\\framework\\src\\Illuminate\\Pipeline\\Pipeline.php(180): Illuminate\\Http\\Middleware\\TrustProxies->handle(Object(Illuminate\\Http\\Request), Object(Closure))
#51 C:\\Users\\57316\\AppData\\Local\\Programs\\XAMPP\\htdocs\\PokemonStore_top_soft\\pokemonstore\\vendor\\laravel\\framework\\src\\Illuminate\\Pipeline\\Pipeline.php(116): Illuminate\\Pipeline\\Pipeline->Illuminate\\Pipeline\\{closure}(Object(Illuminate\\Http\\Request))
#52 C:\\Users\\57316\\AppData\\Local\\Programs\\XAMPP\\htdocs\\PokemonStore_top_soft\\pokemonstore\\vendor\\laravel\\framework\\src\\Illuminate\\Foundation\\Http\\Kernel.php(142): Illuminate\\Pipeline\\Pipeline->then(Object(Closure))
#53 C:\\Users\\57316\\AppData\\Local\\Programs\\XAMPP\\htdocs\\PokemonStore_top_soft\\pokemonstore\\vendor\\laravel\\framework\\src\\Illuminate\\Foundation\\Http\\Kernel.php(111): Illuminate\\Foundation\\Http\\Kernel->sendRequestThroughRouter(Object(Illuminate\\Http\\Request))
#54 C:\\Users\\57316\\AppData\\Local\\Programs\\XAMPP\\htdocs\\PokemonStore_top_soft\\pokemonstore\\public\\index.php(52): Illuminate\\Foundation\\Http\\Kernel->handle(Object(Illuminate\\Http\\Request))
#55 C:\\Users\\57316\\AppData\\Local\\Programs\\XAMPP\\htdocs\\PokemonStore_top_soft\\pokemonstore\\vendor\\laravel\\framework\\src\\Illuminate\\Foundation\\resources\\server.php(16): require_once('C:\\\\Users\\\\57316\\\\...')
#56 {main}

[previous exception] [object] (PDOException(code: 42S02): SQLSTATE[42S02]: Base table or view not found: 1146 Table 'laravelcourse.orders' doesn't exist at C:\\Users\\57316\\AppData\\Local\\Programs\\XAMPP\\htdocs\\PokemonStore_top_soft\\pokemonstore\\vendor\\laravel\\framework\\src\\Illuminate\\Database\\Connection.php:413)
[stacktrace]
#0 C:\\Users\\57316\\AppData\\Local\\Programs\\XAMPP\\htdocs\\PokemonStore_top_soft\\pokemonstore\\vendor\\laravel\\framework\\src\\Illuminate\\Database\\Connection.php(413): PDO->prepare('select * from `...')
#1 C:\\Users\\57316\\AppData\\Local\\Programs\\XAMPP\\htdocs\\PokemonStore_top_soft\\pokemonstore\\vendor\\laravel\\framework\\src\\Illuminate\\Database\\Connection.php(752): Illuminate\\Database\\Connection->Illuminate\\Database\\{closure}('select * from `...', Array)
#2 C:\\Users\\57316\\AppData\\Local\\Programs\\XAMPP\\htdocs\\PokemonStore_top_soft\\pokemonstore\\vendor\\laravel\\framework\\src\\Illuminate\\Database\\Connection.php(719): Illuminate\\Database\\Connection->runQueryCallback('select * from `...', Array, Object(Closure))
#3 C:\\Users\\57316\\AppData\\Local\\Programs\\XAMPP\\htdocs\\PokemonStore_top_soft\\pokemonstore\\vendor\\laravel\\framework\\src\\Illuminate\\Database\\Connection.php(421): Illuminate\\Database\\Connection->run('select * from `...', Array, Object(Closure))
#4 C:\\Users\\57316\\AppData\\Local\\Programs\\XAMPP\\htdocs\\PokemonStore_top_soft\\pokemonstore\\vendor\\laravel\\framework\\src\\Illuminate\\Database\\Query\\Builder.php(2630): Illuminate\\Database\\Connection->select('select * from `...', Array, true)
#5 C:\\Users\\57316\\AppData\\Local\\Programs\\XAMPP\\htdocs\\PokemonStore_top_soft\\pokemonstore\\vendor\\laravel\\framework\\src\\Illuminate\\Database\\Query\\Builder.php(2618): Illuminate\\Database\\Query\\Builder->runSelect()
#6 C:\\Users\\57316\\AppData\\Local\\Programs\\XAMPP\\htdocs\\PokemonStore_top_soft\\pokemonstore\\vendor\\laravel\\framework\\src\\Illuminate\\Database\\Query\\Builder.php(3154): Illuminate\\Database\\Query\\Builder->Illuminate\\Database\\Query\\{closure}()
#7 C:\\Users\\57316\\AppData\\Local\\Programs\\XAMPP\\htdocs\\PokemonStore_top_soft\\pokemonstore\\vendor\\laravel\\framework\\src\\Illuminate\\Database\\Query\\Builder.php(2619): Illuminate\\Database\\Query\\Builder->onceWithColumns(Array, Object(Closure))
#8 C:\\Users\\57316\\AppData\\Local\\Programs\\XAMPP\\htdocs\\PokemonStore_top_soft\\pokemonstore\\vendor\\laravel\\framework\\src\\Illuminate\\Database\\Eloquent\\Builder.php(699): Illuminate\\Database\\Query\\Builder->get(Array)
#9 C:\\Users\\57316\\AppData\\Local\\Programs\\XAMPP\\htdocs\\PokemonStore_top_soft\\pokemonstore\\vendor\\laravel\\framework\\src\\Illuminate\\Database\\Eloquent\\Builder.php(683): Illuminate\\Database\\Eloquent\\Builder->getModels(Array)
#10 C:\\Users\\57316\\AppData\\Local\\Programs\\XAMPP\\htdocs\\PokemonStore_top_soft\\pokemonstore\\app\\Http\\Controllers\\HomeController.php(12): Illuminate\\Database\\Eloquent\\Builder->get()
#11 C:\\Users\\57316\\AppData\\Local\\Programs\\XAMPP\\htdocs\\PokemonStore_top_soft\\pokemonstore\\vendor\\laravel\\framework\\src\\Illuminate\\Routing\\Controller.php(54): App\\Http\\Controllers\\HomeController->index()
#12 C:\\Users\\57316\\AppData\\Local\\Programs\\XAMPP\\htdocs\\PokemonStore_top_soft\\pokemonstore\\vendor\\laravel\\framework\\src\\Illuminate\\Routing\\ControllerDispatcher.php(45): Illuminate\\Routing\\Controller->callAction('index', Array)
#13 C:\\Users\\57316\\AppData\\Local\\Programs\\XAMPP\\htdocs\\PokemonStore_top_soft\\pokemonstore\\vendor\\laravel\\framework\\src\\Illuminate\\Routing\\Route.php(261): Illuminate\\Routing\\ControllerDispatcher->dispatch(Object(Illuminate\\Routing\\Route), Object(App\\Http\\Controllers\\HomeController), 'index')
#14 C:\\Users\\57316\\AppData\\Local\\Programs\\XAMPP\\htdocs\\PokemonStore_top_soft\\pokemonstore\\vendor\\laravel\\framework\\src\\Illuminate\\Routing\\Route.php(204): Illuminate\\Routing\\Route->runController()
#15 C:\\Users\\57316\\AppData\\Local\\Programs\\XAMPP\\htdocs\\PokemonStore_top_soft\\pokemonstore\\vendor\\laravel\\framework\\src\\Illuminate\\Routing\\Router.php(725): Illuminate\\Routing\\Route->run()
#16 C:\\Users\\57316\\AppData\\Local\\Programs\\XAMPP\\htdocs\\PokemonStore_top_soft\\pokemonstore\\vendor\\laravel\\framework\\src\\Illuminate\\Pipeline\\Pipeline.php(141): Illuminate\\Routing\\Router->Illuminate\\Routing\\{closure}(Object(Illuminate\\Http\\Request))
#17 C:\\Users\\57316\\AppData\\Local\\Programs\\XAMPP\\htdocs\\PokemonStore_top_soft\\pokemonstore\\vendor\\laravel\\framework\\src\\Illuminate\\Routing\\Middleware\\SubstituteBindings.php(50): Illuminate\\Pipeline\\Pipeline->Illuminate\\Pipeline\\{closure}(Object(Illuminate\\Http\\Request))
#18 C:\\Users\\57316\\AppData\\Local\\Programs\\XAMPP\\htdocs\\PokemonStore_top_soft\\pokemonstore\\vendor\\laravel\\framework\\src\\Illuminate\\Pipeline\\Pipeline.php(180): Illuminate\\Routing\\Middleware\\SubstituteBindings->handle(Object(Illuminate\\Http\\Request), Object(Closure))
#19 C:\\Users\\57316\\AppData\\Local\\Programs\\XAMPP\\htdocs\\PokemonStore_top_soft\\pokemonstore\\vendor\\laravel\\framework\\src\\Illuminate\\Auth\\Middleware\\Authenticate.php(44): Illuminate\\Pipeline\\Pipeline->Illuminate\\Pipeline\\{closure}(Object(Illuminate\\Http\\Request))
#20 C:\\Users\\57316\\AppData\\Local\\Programs\\XAMPP\\htdocs\\PokemonStore_top_soft\\pokemonstore\\vendor\\laravel\\framework\\src\\Illuminate\\Pipeline\\Pipeline.php(180): Illuminate\\Auth\\Middleware\\Authenticate->handle(Object(Illuminate\\Http\\Request), Object(Closure))
#21 C:\\Users\\57316\\AppData\\Local\\Programs\\XAMPP\\htdocs\\PokemonStore_top_soft\\pokemonstore\\vendor\\laravel\\framework\\src\\Illuminate\\Foundation\\Http\\Middleware\\VerifyCsrfToken.php(78): Illuminate\\Pipeline\\Pipeline->Illuminate\\Pipeline\\{closure}(Object(Illuminate\\Http\\Request))
#22 C:\\Users\\57316\\AppData\\Local\\Programs\\XAMPP\\htdocs\\PokemonStore_top_soft\\pokemonstore\\vendor\\laravel\\framework\\src\\Illuminate\\Pipeline\\Pipeline.php(180): Illuminate\\Foundation\\Http\\Middleware\\VerifyCsrfToken->handle(Object(Illuminate\\Http\\Request), Object(Closure))
#23 C:\\Users\\57316\\AppData\\Local\\Programs\\XAMPP\\htdocs\\PokemonStore_top_soft\\pokemonstore\\vendor\\laravel\\framework\\src\\Illuminate\\View\\Middleware\\ShareErrorsFromSession.php(49): Illuminate\\Pipeline\\Pipeline->Illuminate\\Pipeline\\{closure}(Object(Illuminate\\Http\\Request))
#24 C:\\Users\\57316\\AppData\\Local\\Programs\\XAMPP\\htdocs\\PokemonStore_top_soft\\pokemonstore\\vendor\\laravel\\framework\\src\\Illuminate\\Pipeline\\Pipeline.php(180): Illuminate\\View\\Middleware\\ShareErrorsFromSession->handle(Object(Illuminate\\Http\\Request), Object(Closure))
#25 C:\\Users\\57316\\AppData\\Local\\Programs\\XAMPP\\htdocs\\PokemonStore_top_soft\\pokemonstore\\vendor\\laravel\\framework\\src\\Illuminate\\Session\\Middleware\\StartSession.php(121): Illuminate\\Pipeline\\Pipeline->Illuminate\\Pipeline\\{closure}(Object(Illuminate\\Http\\Request))
#26 C:\\Users\\57316\\AppData\\Local\\Programs\\XAMPP\\htdocs\\PokemonStore_top_soft\\pokemonstore\\vendor\\laravel\\framework\\src\\Illuminate\\Session\\Middleware\\StartSession.php(64): Illuminate\\Session\\Middleware\\StartSession->handleStatefulRequest(Object(Illuminate\\Http\\Request), Object(Illuminate\\Session\\Store), Object(Closure))
#27 C:\\Users\\57316\\AppData\\Local\\Programs\\XAMPP\\htdocs\\PokemonStore_top_soft\\pokemonstore\\vendor\\laravel\\framework\\src\\Illuminate\\Pipeline\\Pipeline.php(180): Illuminate\\Session\\Middleware\\StartSession->handle(Object(Illuminate\\Http\\Request), Object(Closure))
#28 C:\\Users\\57316\\AppData\\Local\\Programs\\XAMPP\\htdocs\\PokemonStore_top_soft\\pokemonstore\\vendor\\laravel\\framework\\src\\Illuminate\\Cookie\\Middleware\\AddQueuedCookiesToResponse.php(37): Illuminate\\Pipeline\\Pipeline->Illuminate\\Pipeline\\{closure}(Object(Illuminate\\Http\\Request))
#29 C:\\Users\\57316\\AppData\\Local\\Programs\\XAMPP\\htdocs\\PokemonStore_top_soft\\pokemonstore\\vendor\\laravel\\framework\\src\\Illuminate\\Pipeline\\Pipeline.php(180): Illuminate\\Cookie\\Middleware\\AddQueuedCookiesToResponse->handle(Object(Illuminate\\Http\\Request), Object(Closure))
#30 C:\\Users\\57316\\AppData\\Local\\Programs\\XAMPP\\htdocs\\PokemonStore_top_soft\\pokemonstore\\vendor\\laravel\\framework\\src\\Illuminate\\Cookie\\Middleware\\EncryptCookies.php(67): Illuminate\\Pipeline\\Pipeline->Illuminate\\Pipeline\\{closure}(Object(Illuminate\\Http\\Request))
#31 C:\\Users\\57316\\AppData\\Local\\Programs\\XAMPP\\htdocs\\PokemonStore_top_soft\\pokemonstore\\vendor\\laravel\\framework\\src\\Illuminate\\Pipeline\\Pipeline.php(180): Illuminate\\Cookie\\Middleware\\EncryptCookies->handle(Object(Illuminate\\Http\\Request), Object(Closure))
#32 C:\\Users\\57316\\AppData\\Local\\Programs\\XAMPP\\htdocs\\PokemonStore_top_soft\\pokemonstore\\vendor\\laravel\\framework\\src\\Illuminate\\Pipeline\\Pipeline.php(116): Illuminate\\Pipeline\\Pipeline->Illuminate\\Pipeline\\{closure}(Object(Illuminate\\Http\\Request))
#33 C:\\Users\\57316\\AppData\\Local\\Programs\\XAMPP\\htdocs\\PokemonStore_top_soft\\pokemonstore\\vendor\\laravel\\framework\\src\\Illuminate\\Routing\\Router.php(726): Illuminate\\Pipeline\\Pipeline->then(Object(Closure))
#34 C:\\Users\\57316\\AppData\\Local\\Programs\\XAMPP\\htdocs\\PokemonStore_top_soft\\pokemonstore\\vendor\\laravel\\framework\\src\\Illuminate\\Routing\\Router.php(703): Illuminate\\Routing\\Router->runRouteWithinStack(Object(Illuminate\\Routing\\Route), Object(Illuminate\\Http\\Request))
#35 C:\\Users\\57316\\AppData\\Local\\Programs\\XAMPP\\htdocs\\PokemonStore_top_soft\\pokemonstore\\vendor\\laravel\\framework\\src\\Illuminate\\Routing\\Router.php(667): Illuminate\\Routing\\Router->runRoute(Object(Illuminate\\Http\\Request), Object(Illuminate\\Routing\\Route))
#36 C:\\Users\\57316\\AppData\\Local\\Programs\\XAMPP\\htdocs\\PokemonStore_top_soft\\pokemonstore\\vendor\\laravel\\framework\\src\\Illuminate\\Routing\\Router.php(656): Illuminate\\Routing\\Router->dispatchToRoute(Object(Illuminate\\Http\\Request))
#37 C:\\Users\\57316\\AppData\\Local\\Programs\\XAMPP\\htdocs\\PokemonStore_top_soft\\pokemonstore\\vendor\\laravel\\framework\\src\\Illuminate\\Foundation\\Http\\Kernel.php(167): Illuminate\\Routing\\Router->dispatch(Object(Illuminate\\Http\\Request))
#38 C:\\Users\\57316\\AppData\\Local\\Programs\\XAMPP\\htdocs\\PokemonStore_top_soft\\pokemonstore\\vendor\\laravel\\framework\\src\\Illuminate\\Pipeline\\Pipeline.php(141): Illuminate\\Foundation\\Http\\Kernel->Illuminate\\Foundation\\Http\\{closure}(Object(Illuminate\\Http\\Request))
#39 C:\\Users\\57316\\AppData\\Local\\Programs\\XAMPP\\htdocs\\PokemonStore_top_soft\\pokemonstore\\vendor\\laravel\\framework\\src\\Illuminate\\Foundation\\Http\\Middleware\\TransformsRequest.php(21): Illuminate\\Pipeline\\Pipeline->Illuminate\\Pipeline\\{closure}(Object(Illuminate\\Http\\Request))
#40 C:\\Users\\57316\\AppData\\Local\\Programs\\XAMPP\\htdocs\\PokemonStore_top_soft\\pokemonstore\\vendor\\laravel\\framework\\src\\Illuminate\\Foundation\\Http\\Middleware\\ConvertEmptyStringsToNull.php(31): Illuminate\\Foundation\\Http\\Middleware\\TransformsRequest->handle(Object(Illuminate\\Http\\Request), Object(Closure))
#41 C:\\Users\\57316\\AppData\\Local\\Programs\\XAMPP\\htdocs\\PokemonStore_top_soft\\pokemonstore\\vendor\\laravel\\framework\\src\\Illuminate\\Pipeline\\Pipeline.php(180): Illuminate\\Foundation\\Http\\Middleware\\ConvertEmptyStringsToNull->handle(Object(Illuminate\\Http\\Request), Object(Closure))
#42 C:\\Users\\57316\\AppData\\Local\\Programs\\XAMPP\\htdocs\\PokemonStore_top_soft\\pokemonstore\\vendor\\laravel\\framework\\src\\Illuminate\\Foundation\\Http\\Middleware\\TransformsRequest.php(21): Illuminate\\Pipeline\\Pipeline->Illuminate\\Pipeline\\{closure}(Object(Illuminate\\Http\\Request))
#43 C:\\Users\\57316\\AppData\\Local\\Programs\\XAMPP\\htdocs\\PokemonStore_top_soft\\pokemonstore\\vendor\\laravel\\framework\\src\\Illuminate\\Foundation\\Http\\Middleware\\TrimStrings.php(40): Illuminate\\Foundation\\Http\\Middleware\\TransformsRequest->handle(Object(Illuminate\\Http\\Request), Object(Closure))
#44 C:\\Users\\57316\\AppData\\Local\\Programs\\XAMPP\\htdocs\\PokemonStore_top_soft\\pokemonstore\\vendor\\laravel\\framework\\src\\Illuminate\\Pipeline\\Pipeline.php(180): Illuminate\\Foundation\\Http\\Middleware\\TrimStrings->handle(Object(Illuminate\\Http\\Request), Object(Closure))
#45 C:\\Users\\57316\\AppData\\Local\\Programs\\XAMPP\\htdocs\\PokemonStore_top_soft\\pokemonstore\\vendor\\laravel\\framework\\src\\Illuminate\\Foundation\\Http\\Middleware\\ValidatePostSize.php(27): Illuminate\\Pipeline\\Pipeline->Illuminate\\Pipeline\\{closure}(Object(Illuminate\\Http\\Request))
#46 C:\\Users\\57316\\AppData\\Local\\Programs\\XAMPP\\htdocs\\PokemonStore_top_soft\\pokemonstore\\vendor\\laravel\\framework\\src\\Illuminate\\Pipeline\\Pipeline.php(180): Illuminate\\Foundation\\Http\\Middleware\\ValidatePostSize->handle(Object(Illuminate\\Http\\Request), Object(Closure))
#47 C:\\Users\\57316\\AppData\\Local\\Programs\\XAMPP\\htdocs\\PokemonStore_top_soft\\pokemonstore\\vendor\\laravel\\framework\\src\\Illuminate\\Foundation\\Http\\Middleware\\PreventRequestsDuringMaintenance.php(86): Illuminate\\Pipeline\\Pipeline->Illuminate\\Pipeline\\{closure}(Object(Illuminate\\Http\\Request))
#48 C:\\Users\\57316\\AppData\\Local\\Programs\\XAMPP\\htdocs\\PokemonStore_top_soft\\pokemonstore\\vendor\\laravel\\framework\\src\\Illuminate\\Pipeline\\Pipeline.php(180): Illuminate\\Foundation\\Http\\Middleware\\PreventRequestsDuringMaintenance->handle(Object(Illuminate\\Http\\Request), Object(Closure))
#49 C:\\Users\\57316\\AppData\\Local\\Programs\\XAMPP\\htdocs\\PokemonStore_top_soft\\pokemonstore\\vendor\\laravel\\framework\\src\\Illuminate\\Http\\Middleware\\HandleCors.php(49): Illuminate\\Pipeline\\Pipeline->Illuminate\\Pipeline\\{closure}(Object(Illuminate\\Http\\Request))
#50 C:\\Users\\57316\\AppData\\Local\\Programs\\XAMPP\\htdocs\\PokemonStore_top_soft\\pokemonstore\\vendor\\laravel\\framework\\src\\Illuminate\\Pipeline\\Pipeline.php(180): Illuminate\\Http\\Middleware\\HandleCors->handle(Object(Illuminate\\Http\\Request), Object(Closure))
#51 C:\\Users\\57316\\AppData\\Local\\Programs\\XAMPP\\htdocs\\PokemonStore_top_soft\\pokemonstore\\vendor\\laravel\\framework\\src\\Illuminate\\Http\\Middleware\\TrustProxies.php(39): Illuminate\\Pipeline\\Pipeline->Illuminate\\Pipeline\\{closure}(Object(Illuminate\\Http\\Request))
#52 C:\\Users\\57316\\AppData\\Local\\Programs\\XAMPP\\htdocs\\PokemonStore_top_soft\\pokemonstore\\vendor\\laravel\\framework\\src\\Illuminate\\Pipeline\\Pipeline.php(180): Illuminate\\Http\\Middleware\\TrustProxies->handle(Object(Illuminate\\Http\\Request), Object(Closure))
#53 C:\\Users\\57316\\AppData\\Local\\Programs\\XAMPP\\htdocs\\PokemonStore_top_soft\\pokemonstore\\vendor\\laravel\\framework\\src\\Illuminate\\Pipeline\\Pipeline.php(116): Illuminate\\Pipeline\\Pipeline->Illuminate\\Pipeline\\{closure}(Object(Illuminate\\Http\\Request))
#54 C:\\Users\\57316\\AppData\\Local\\Programs\\XAMPP\\htdocs\\PokemonStore_top_soft\\pokemonstore\\vendor\\laravel\\framework\\src\\Illuminate\\Foundation\\Http\\Kernel.php(142): Illuminate\\Pipeline\\Pipeline->then(Object(Closure))
#55 C:\\Users\\57316\\AppData\\Local\\Programs\\XAMPP\\htdocs\\PokemonStore_top_soft\\pokemonstore\\vendor\\laravel\\framework\\src\\Illuminate\\Foundation\\Http\\Kernel.php(111): Illuminate\\Foundation\\Http\\Kernel->sendRequestThroughRouter(Object(Illuminate\\Http\\Request))
#56 C:\\Users\\57316\\AppData\\Local\\Programs\\XAMPP\\htdocs\\PokemonStore_top_soft\\pokemonstore\\public\\index.php(52): Illuminate\\Foundation\\Http\\Kernel->handle(Object(Illuminate\\Http\\Request))
#57 C:\\Users\\57316\\AppData\\Local\\Programs\\XAMPP\\htdocs\\PokemonStore_top_soft\\pokemonstore\\vendor\\laravel\\framework\\src\\Illuminate\\Foundation\\resources\\server.php(16): require_once('C:\\\\Users\\\\57316\\\\...')
#58 {main}
"} 
[2022-09-21 12:59:51] local.ERROR: SQLSTATE[23000]: Integrity constraint violation: 1062 Duplicate entry 'mmunetondurango@gmail.com' for key 'users_email_unique' (SQL: insert into `users` (`name`, `email`, `password`, `updated_at`, `created_at`) values (Mario Alejandro Mu침et칩n Durango, mmunetondurango@gmail.com, zeus987*, 2022-09-21 12:59:51, 2022-09-21 12:59:51)) {"exception":"[object] (Illuminate\\Database\\QueryException(code: 23000): SQLSTATE[23000]: Integrity constraint violation: 1062 Duplicate entry 'mmunetondurango@gmail.com' for key 'users_email_unique' (SQL: insert into `users` (`name`, `email`, `password`, `updated_at`, `created_at`) values (Mario Alejandro Mu침et칩n Durango, mmunetondurango@gmail.com, zeus987*, 2022-09-21 12:59:51, 2022-09-21 12:59:51)) at C:\\Users\\57316\\AppData\\Local\\Programs\\XAMPP\\htdocs\\PokemonStore_top_soft\\pokemonstore\\vendor\\laravel\\framework\\src\\Illuminate\\Database\\Connection.php:759)
[stacktrace]
#0 C:\\Users\\57316\\AppData\\Local\\Programs\\XAMPP\\htdocs\\PokemonStore_top_soft\\pokemonstore\\vendor\\laravel\\framework\\src\\Illuminate\\Database\\Connection.php(719): Illuminate\\Database\\Connection->runQueryCallback('insert into `us...', Array, Object(Closure))
#1 C:\\Users\\57316\\AppData\\Local\\Programs\\XAMPP\\htdocs\\PokemonStore_top_soft\\pokemonstore\\vendor\\laravel\\framework\\src\\Illuminate\\Database\\Connection.php(545): Illuminate\\Database\\Connection->run('insert into `us...', Array, Object(Closure))
#2 C:\\Users\\57316\\AppData\\Local\\Programs\\XAMPP\\htdocs\\PokemonStore_top_soft\\pokemonstore\\vendor\\laravel\\framework\\src\\Illuminate\\Database\\Connection.php(497): Illuminate\\Database\\Connection->statement('insert into `us...', Array)
#3 C:\\Users\\57316\\AppData\\Local\\Programs\\XAMPP\\htdocs\\PokemonStore_top_soft\\pokemonstore\\vendor\\laravel\\framework\\src\\Illuminate\\Database\\Query\\Processors\\Processor.php(32): Illuminate\\Database\\Connection->insert('insert into `us...', Array)
#4 C:\\Users\\57316\\AppData\\Local\\Programs\\XAMPP\\htdocs\\PokemonStore_top_soft\\pokemonstore\\vendor\\laravel\\framework\\src\\Illuminate\\Database\\Query\\Builder.php(3246): Illuminate\\Database\\Query\\Processors\\Processor->processInsertGetId(Object(Illuminate\\Database\\Query\\Builder), 'insert into `us...', Array, 'id')
#5 C:\\Users\\57316\\AppData\\Local\\Programs\\XAMPP\\htdocs\\PokemonStore_top_soft\\pokemonstore\\vendor\\laravel\\framework\\src\\Illuminate\\Database\\Eloquent\\Builder.php(1858): Illuminate\\Database\\Query\\Builder->insertGetId(Array, 'id')
#6 C:\\Users\\57316\\AppData\\Local\\Programs\\XAMPP\\htdocs\\PokemonStore_top_soft\\pokemonstore\\vendor\\laravel\\framework\\src\\Illuminate\\Database\\Eloquent\\Model.php(1234): Illuminate\\Database\\Eloquent\\Builder->__call('insertGetId', Array)
#7 C:\\Users\\57316\\AppData\\Local\\Programs\\XAMPP\\htdocs\\PokemonStore_top_soft\\pokemonstore\\vendor\\laravel\\framework\\src\\Illuminate\\Database\\Eloquent\\Model.php(1199): Illuminate\\Database\\Eloquent\\Model->insertAndSetId(Object(Illuminate\\Database\\Eloquent\\Builder), Array)
#8 C:\\Users\\57316\\AppData\\Local\\Programs\\XAMPP\\htdocs\\PokemonStore_top_soft\\pokemonstore\\vendor\\laravel\\framework\\src\\Illuminate\\Database\\Eloquent\\Model.php(1040): Illuminate\\Database\\Eloquent\\Model->performInsert(Object(Illuminate\\Database\\Eloquent\\Builder))
#9 C:\\Users\\57316\\AppData\\Local\\Programs\\XAMPP\\htdocs\\PokemonStore_top_soft\\pokemonstore\\vendor\\laravel\\framework\\src\\Illuminate\\Database\\Eloquent\\Builder.php(975): Illuminate\\Database\\Eloquent\\Model->save()
#10 C:\\Users\\57316\\AppData\\Local\\Programs\\XAMPP\\htdocs\\PokemonStore_top_soft\\pokemonstore\\vendor\\laravel\\framework\\src\\Illuminate\\Support\\helpers.php(302): Illuminate\\Database\\Eloquent\\Builder->Illuminate\\Database\\Eloquent\\{closure}(Object(App\\Models\\User))
#11 C:\\Users\\57316\\AppData\\Local\\Programs\\XAMPP\\htdocs\\PokemonStore_top_soft\\pokemonstore\\vendor\\laravel\\framework\\src\\Illuminate\\Database\\Eloquent\\Builder.php(976): tap(Object(App\\Models\\User), Object(Closure))
#12 C:\\Users\\57316\\AppData\\Local\\Programs\\XAMPP\\htdocs\\PokemonStore_top_soft\\pokemonstore\\vendor\\laravel\\framework\\src\\Illuminate\\Support\\Traits\\ForwardsCalls.php(23): Illuminate\\Database\\Eloquent\\Builder->create(Array)
#13 C:\\Users\\57316\\AppData\\Local\\Programs\\XAMPP\\htdocs\\PokemonStore_top_soft\\pokemonstore\\vendor\\laravel\\framework\\src\\Illuminate\\Database\\Eloquent\\Model.php(2219): Illuminate\\Database\\Eloquent\\Model->forwardCallTo(Object(Illuminate\\Database\\Eloquent\\Builder), 'create', Array)
#14 C:\\Users\\57316\\AppData\\Local\\Programs\\XAMPP\\htdocs\\PokemonStore_top_soft\\pokemonstore\\vendor\\laravel\\framework\\src\\Illuminate\\Database\\Eloquent\\Model.php(2231): Illuminate\\Database\\Eloquent\\Model->__call('create', Array)
#15 C:\\Users\\57316\\AppData\\Local\\Programs\\XAMPP\\htdocs\\PokemonStore_top_soft\\pokemonstore\\app\\Http\\Controllers\\RegisterController.php(23): Illuminate\\Database\\Eloquent\\Model::__callStatic('create', Array)
#16 C:\\Users\\57316\\AppData\\Local\\Programs\\XAMPP\\htdocs\\PokemonStore_top_soft\\pokemonstore\\vendor\\laravel\\framework\\src\\Illuminate\\Routing\\Controller.php(54): App\\Http\\Controllers\\RegisterController->store()
#17 C:\\Users\\57316\\AppData\\Local\\Programs\\XAMPP\\htdocs\\PokemonStore_top_soft\\pokemonstore\\vendor\\laravel\\framework\\src\\Illuminate\\Routing\\ControllerDispatcher.php(45): Illuminate\\Routing\\Controller->callAction('store', Array)
#18 C:\\Users\\57316\\AppData\\Local\\Programs\\XAMPP\\htdocs\\PokemonStore_top_soft\\pokemonstore\\vendor\\laravel\\framework\\src\\Illuminate\\Routing\\Route.php(261): Illuminate\\Routing\\ControllerDispatcher->dispatch(Object(Illuminate\\Routing\\Route), Object(App\\Http\\Controllers\\RegisterController), 'store')
#19 C:\\Users\\57316\\AppData\\Local\\Programs\\XAMPP\\htdocs\\PokemonStore_top_soft\\pokemonstore\\vendor\\laravel\\framework\\src\\Illuminate\\Routing\\Route.php(204): Illuminate\\Routing\\Route->runController()
#20 C:\\Users\\57316\\AppData\\Local\\Programs\\XAMPP\\htdocs\\PokemonStore_top_soft\\pokemonstore\\vendor\\laravel\\framework\\src\\Illuminate\\Routing\\Router.php(725): Illuminate\\Routing\\Route->run()
#21 C:\\Users\\57316\\AppData\\Local\\Programs\\XAMPP\\htdocs\\PokemonStore_top_soft\\pokemonstore\\vendor\\laravel\\framework\\src\\Illuminate\\Pipeline\\Pipeline.php(141): Illuminate\\Routing\\Router->Illuminate\\Routing\\{closure}(Object(Illuminate\\Http\\Request))
#22 C:\\Users\\57316\\AppData\\Local\\Programs\\XAMPP\\htdocs\\PokemonStore_top_soft\\pokemonstore\\vendor\\laravel\\framework\\src\\Illuminate\\Routing\\Middleware\\SubstituteBindings.php(50): Illuminate\\Pipeline\\Pipeline->Illuminate\\Pipeline\\{closure}(Object(Illuminate\\Http\\Request))
#23 C:\\Users\\57316\\AppData\\Local\\Programs\\XAMPP\\htdocs\\PokemonStore_top_soft\\pokemonstore\\vendor\\laravel\\framework\\src\\Illuminate\\Pipeline\\Pipeline.php(180): Illuminate\\Routing\\Middleware\\SubstituteBindings->handle(Object(Illuminate\\Http\\Request), Object(Closure))
#24 C:\\Users\\57316\\AppData\\Local\\Programs\\XAMPP\\htdocs\\PokemonStore_top_soft\\pokemonstore\\vendor\\laravel\\framework\\src\\Illuminate\\Foundation\\Http\\Middleware\\VerifyCsrfToken.php(78): Illuminate\\Pipeline\\Pipeline->Illuminate\\Pipeline\\{closure}(Object(Illuminate\\Http\\Request))
#25 C:\\Users\\57316\\AppData\\Local\\Programs\\XAMPP\\htdocs\\PokemonStore_top_soft\\pokemonstore\\vendor\\laravel\\framework\\src\\Illuminate\\Pipeline\\Pipeline.php(180): Illuminate\\Foundation\\Http\\Middleware\\VerifyCsrfToken->handle(Object(Illuminate\\Http\\Request), Object(Closure))
#26 C:\\Users\\57316\\AppData\\Local\\Programs\\XAMPP\\htdocs\\PokemonStore_top_soft\\pokemonstore\\vendor\\laravel\\framework\\src\\Illuminate\\View\\Middleware\\ShareErrorsFromSession.php(49): Illuminate\\Pipeline\\Pipeline->Illuminate\\Pipeline\\{closure}(Object(Illuminate\\Http\\Request))
#27 C:\\Users\\57316\\AppData\\Local\\Programs\\XAMPP\\htdocs\\PokemonStore_top_soft\\pokemonstore\\vendor\\laravel\\framework\\src\\Illuminate\\Pipeline\\Pipeline.php(180): Illuminate\\View\\Middleware\\ShareErrorsFromSession->handle(Object(Illuminate\\Http\\Request), Object(Closure))
#28 C:\\Users\\57316\\AppData\\Local\\Programs\\XAMPP\\htdocs\\PokemonStore_top_soft\\pokemonstore\\vendor\\laravel\\framework\\src\\Illuminate\\Session\\Middleware\\StartSession.php(121): Illuminate\\Pipeline\\Pipeline->Illuminate\\Pipeline\\{closure}(Object(Illuminate\\Http\\Request))
#29 C:\\Users\\57316\\AppData\\Local\\Programs\\XAMPP\\htdocs\\PokemonStore_top_soft\\pokemonstore\\vendor\\laravel\\framework\\src\\Illuminate\\Session\\Middleware\\StartSession.php(64): Illuminate\\Session\\Middleware\\StartSession->handleStatefulRequest(Object(Illuminate\\Http\\Request), Object(Illuminate\\Session\\Store), Object(Closure))
#30 C:\\Users\\57316\\AppData\\Local\\Programs\\XAMPP\\htdocs\\PokemonStore_top_soft\\pokemonstore\\vendor\\laravel\\framework\\src\\Illuminate\\Pipeline\\Pipeline.php(180): Illuminate\\Session\\Middleware\\StartSession->handle(Object(Illuminate\\Http\\Request), Object(Closure))
#31 C:\\Users\\57316\\AppData\\Local\\Programs\\XAMPP\\htdocs\\PokemonStore_top_soft\\pokemonstore\\vendor\\laravel\\framework\\src\\Illuminate\\Cookie\\Middleware\\AddQueuedCookiesToResponse.php(37): Illuminate\\Pipeline\\Pipeline->Illuminate\\Pipeline\\{closure}(Object(Illuminate\\Http\\Request))
#32 C:\\Users\\57316\\AppData\\Local\\Programs\\XAMPP\\htdocs\\PokemonStore_top_soft\\pokemonstore\\vendor\\laravel\\framework\\src\\Illuminate\\Pipeline\\Pipeline.php(180): Illuminate\\Cookie\\Middleware\\AddQueuedCookiesToResponse->handle(Object(Illuminate\\Http\\Request), Object(Closure))
#33 C:\\Users\\57316\\AppData\\Local\\Programs\\XAMPP\\htdocs\\PokemonStore_top_soft\\pokemonstore\\vendor\\laravel\\framework\\src\\Illuminate\\Cookie\\Middleware\\EncryptCookies.php(67): Illuminate\\Pipeline\\Pipeline->Illuminate\\Pipeline\\{closure}(Object(Illuminate\\Http\\Request))
#34 C:\\Users\\57316\\AppData\\Local\\Programs\\XAMPP\\htdocs\\PokemonStore_top_soft\\pokemonstore\\vendor\\laravel\\framework\\src\\Illuminate\\Pipeline\\Pipeline.php(180): Illuminate\\Cookie\\Middleware\\EncryptCookies->handle(Object(Illuminate\\Http\\Request), Object(Closure))
#35 C:\\Users\\57316\\AppData\\Local\\Programs\\XAMPP\\htdocs\\PokemonStore_top_soft\\pokemonstore\\vendor\\laravel\\framework\\src\\Illuminate\\Pipeline\\Pipeline.php(116): Illuminate\\Pipeline\\Pipeline->Illuminate\\Pipeline\\{closure}(Object(Illuminate\\Http\\Request))
#36 C:\\Users\\57316\\AppData\\Local\\Programs\\XAMPP\\htdocs\\PokemonStore_top_soft\\pokemonstore\\vendor\\laravel\\framework\\src\\Illuminate\\Routing\\Router.php(726): Illuminate\\Pipeline\\Pipeline->then(Object(Closure))
#37 C:\\Users\\57316\\AppData\\Local\\Programs\\XAMPP\\htdocs\\PokemonStore_top_soft\\pokemonstore\\vendor\\laravel\\framework\\src\\Illuminate\\Routing\\Router.php(703): Illuminate\\Routing\\Router->runRouteWithinStack(Object(Illuminate\\Routing\\Route), Object(Illuminate\\Http\\Request))
#38 C:\\Users\\57316\\AppData\\Local\\Programs\\XAMPP\\htdocs\\PokemonStore_top_soft\\pokemonstore\\vendor\\laravel\\framework\\src\\Illuminate\\Routing\\Router.php(667): Illuminate\\Routing\\Router->runRoute(Object(Illuminate\\Http\\Request), Object(Illuminate\\Routing\\Route))
#39 C:\\Users\\57316\\AppData\\Local\\Programs\\XAMPP\\htdocs\\PokemonStore_top_soft\\pokemonstore\\vendor\\laravel\\framework\\src\\Illuminate\\Routing\\Router.php(656): Illuminate\\Routing\\Router->dispatchToRoute(Object(Illuminate\\Http\\Request))
#40 C:\\Users\\57316\\AppData\\Local\\Programs\\XAMPP\\htdocs\\PokemonStore_top_soft\\pokemonstore\\vendor\\laravel\\framework\\src\\Illuminate\\Foundation\\Http\\Kernel.php(167): Illuminate\\Routing\\Router->dispatch(Object(Illuminate\\Http\\Request))
#41 C:\\Users\\57316\\AppData\\Local\\Programs\\XAMPP\\htdocs\\PokemonStore_top_soft\\pokemonstore\\vendor\\laravel\\framework\\src\\Illuminate\\Pipeline\\Pipeline.php(141): Illuminate\\Foundation\\Http\\Kernel->Illuminate\\Foundation\\Http\\{closure}(Object(Illuminate\\Http\\Request))
#42 C:\\Users\\57316\\AppData\\Local\\Programs\\XAMPP\\htdocs\\PokemonStore_top_soft\\pokemonstore\\vendor\\laravel\\framework\\src\\Illuminate\\Foundation\\Http\\Middleware\\TransformsRequest.php(21): Illuminate\\Pipeline\\Pipeline->Illuminate\\Pipeline\\{closure}(Object(Illuminate\\Http\\Request))
#43 C:\\Users\\57316\\AppData\\Local\\Programs\\XAMPP\\htdocs\\PokemonStore_top_soft\\pokemonstore\\vendor\\laravel\\framework\\src\\Illuminate\\Foundation\\Http\\Middleware\\ConvertEmptyStringsToNull.php(31): Illuminate\\Foundation\\Http\\Middleware\\TransformsRequest->handle(Object(Illuminate\\Http\\Request), Object(Closure))
#44 C:\\Users\\57316\\AppData\\Local\\Programs\\XAMPP\\htdocs\\PokemonStore_top_soft\\pokemonstore\\vendor\\laravel\\framework\\src\\Illuminate\\Pipeline\\Pipeline.php(180): Illuminate\\Foundation\\Http\\Middleware\\ConvertEmptyStringsToNull->handle(Object(Illuminate\\Http\\Request), Object(Closure))
#45 C:\\Users\\57316\\AppData\\Local\\Programs\\XAMPP\\htdocs\\PokemonStore_top_soft\\pokemonstore\\vendor\\laravel\\framework\\src\\Illuminate\\Foundation\\Http\\Middleware\\TransformsRequest.php(21): Illuminate\\Pipeline\\Pipeline->Illuminate\\Pipeline\\{closure}(Object(Illuminate\\Http\\Request))
#46 C:\\Users\\57316\\AppData\\Local\\Programs\\XAMPP\\htdocs\\PokemonStore_top_soft\\pokemonstore\\vendor\\laravel\\framework\\src\\Illuminate\\Foundation\\Http\\Middleware\\TrimStrings.php(40): Illuminate\\Foundation\\Http\\Middleware\\TransformsRequest->handle(Object(Illuminate\\Http\\Request), Object(Closure))
#47 C:\\Users\\57316\\AppData\\Local\\Programs\\XAMPP\\htdocs\\PokemonStore_top_soft\\pokemonstore\\vendor\\laravel\\framework\\src\\Illuminate\\Pipeline\\Pipeline.php(180): Illuminate\\Foundation\\Http\\Middleware\\TrimStrings->handle(Object(Illuminate\\Http\\Request), Object(Closure))
#48 C:\\Users\\57316\\AppData\\Local\\Programs\\XAMPP\\htdocs\\PokemonStore_top_soft\\pokemonstore\\vendor\\laravel\\framework\\src\\Illuminate\\Foundation\\Http\\Middleware\\ValidatePostSize.php(27): Illuminate\\Pipeline\\Pipeline->Illuminate\\Pipeline\\{closure}(Object(Illuminate\\Http\\Request))
#49 C:\\Users\\57316\\AppData\\Local\\Programs\\XAMPP\\htdocs\\PokemonStore_top_soft\\pokemonstore\\vendor\\laravel\\framework\\src\\Illuminate\\Pipeline\\Pipeline.php(180): Illuminate\\Foundation\\Http\\Middleware\\ValidatePostSize->handle(Object(Illuminate\\Http\\Request), Object(Closure))
#50 C:\\Users\\57316\\AppData\\Local\\Programs\\XAMPP\\htdocs\\PokemonStore_top_soft\\pokemonstore\\vendor\\laravel\\framework\\src\\Illuminate\\Foundation\\Http\\Middleware\\PreventRequestsDuringMaintenance.php(86): Illuminate\\Pipeline\\Pipeline->Illuminate\\Pipeline\\{closure}(Object(Illuminate\\Http\\Request))
#51 C:\\Users\\57316\\AppData\\Local\\Programs\\XAMPP\\htdocs\\PokemonStore_top_soft\\pokemonstore\\vendor\\laravel\\framework\\src\\Illuminate\\Pipeline\\Pipeline.php(180): Illuminate\\Foundation\\Http\\Middleware\\PreventRequestsDuringMaintenance->handle(Object(Illuminate\\Http\\Request), Object(Closure))
#52 C:\\Users\\57316\\AppData\\Local\\Programs\\XAMPP\\htdocs\\PokemonStore_top_soft\\pokemonstore\\vendor\\laravel\\framework\\src\\Illuminate\\Http\\Middleware\\HandleCors.php(49): Illuminate\\Pipeline\\Pipeline->Illuminate\\Pipeline\\{closure}(Object(Illuminate\\Http\\Request))
#53 C:\\Users\\57316\\AppData\\Local\\Programs\\XAMPP\\htdocs\\PokemonStore_top_soft\\pokemonstore\\vendor\\laravel\\framework\\src\\Illuminate\\Pipeline\\Pipeline.php(180): Illuminate\\Http\\Middleware\\HandleCors->handle(Object(Illuminate\\Http\\Request), Object(Closure))
#54 C:\\Users\\57316\\AppData\\Local\\Programs\\XAMPP\\htdocs\\PokemonStore_top_soft\\pokemonstore\\vendor\\laravel\\framework\\src\\Illuminate\\Http\\Middleware\\TrustProxies.php(39): Illuminate\\Pipeline\\Pipeline->Illuminate\\Pipeline\\{closure}(Object(Illuminate\\Http\\Request))
#55 C:\\Users\\57316\\AppData\\Local\\Programs\\XAMPP\\htdocs\\PokemonStore_top_soft\\pokemonstore\\vendor\\laravel\\framework\\src\\Illuminate\\Pipeline\\Pipeline.php(180): Illuminate\\Http\\Middleware\\TrustProxies->handle(Object(Illuminate\\Http\\Request), Object(Closure))
#56 C:\\Users\\57316\\AppData\\Local\\Programs\\XAMPP\\htdocs\\PokemonStore_top_soft\\pokemonstore\\vendor\\laravel\\framework\\src\\Illuminate\\Pipeline\\Pipeline.php(116): Illuminate\\Pipeline\\Pipeline->Illuminate\\Pipeline\\{closure}(Object(Illuminate\\Http\\Request))
#57 C:\\Users\\57316\\AppData\\Local\\Programs\\XAMPP\\htdocs\\PokemonStore_top_soft\\pokemonstore\\vendor\\laravel\\framework\\src\\Illuminate\\Foundation\\Http\\Kernel.php(142): Illuminate\\Pipeline\\Pipeline->then(Object(Closure))
#58 C:\\Users\\57316\\AppData\\Local\\Programs\\XAMPP\\htdocs\\PokemonStore_top_soft\\pokemonstore\\vendor\\laravel\\framework\\src\\Illuminate\\Foundation\\Http\\Kernel.php(111): Illuminate\\Foundation\\Http\\Kernel->sendRequestThroughRouter(Object(Illuminate\\Http\\Request))
#59 C:\\Users\\57316\\AppData\\Local\\Programs\\XAMPP\\htdocs\\PokemonStore_top_soft\\pokemonstore\\public\\index.php(52): Illuminate\\Foundation\\Http\\Kernel->handle(Object(Illuminate\\Http\\Request))
#60 C:\\Users\\57316\\AppData\\Local\\Programs\\XAMPP\\htdocs\\PokemonStore_top_soft\\pokemonstore\\vendor\\laravel\\framework\\src\\Illuminate\\Foundation\\resources\\server.php(16): require_once('C:\\\\Users\\\\57316\\\\...')
#61 {main}

[previous exception] [object] (PDOException(code: 23000): SQLSTATE[23000]: Integrity constraint violation: 1062 Duplicate entry 'mmunetondurango@gmail.com' for key 'users_email_unique' at C:\\Users\\57316\\AppData\\Local\\Programs\\XAMPP\\htdocs\\PokemonStore_top_soft\\pokemonstore\\vendor\\laravel\\framework\\src\\Illuminate\\Database\\Connection.php:544)
[stacktrace]
#0 C:\\Users\\57316\\AppData\\Local\\Programs\\XAMPP\\htdocs\\PokemonStore_top_soft\\pokemonstore\\vendor\\laravel\\framework\\src\\Illuminate\\Database\\Connection.php(544): PDOStatement->execute()
#1 C:\\Users\\57316\\AppData\\Local\\Programs\\XAMPP\\htdocs\\PokemonStore_top_soft\\pokemonstore\\vendor\\laravel\\framework\\src\\Illuminate\\Database\\Connection.php(752): Illuminate\\Database\\Connection->Illuminate\\Database\\{closure}('insert into `us...', Array)
#2 C:\\Users\\57316\\AppData\\Local\\Programs\\XAMPP\\htdocs\\PokemonStore_top_soft\\pokemonstore\\vendor\\laravel\\framework\\src\\Illuminate\\Database\\Connection.php(719): Illuminate\\Database\\Connection->runQueryCallback('insert into `us...', Array, Object(Closure))
#3 C:\\Users\\57316\\AppData\\Local\\Programs\\XAMPP\\htdocs\\PokemonStore_top_soft\\pokemonstore\\vendor\\laravel\\framework\\src\\Illuminate\\Database\\Connection.php(545): Illuminate\\Database\\Connection->run('insert into `us...', Array, Object(Closure))
#4 C:\\Users\\57316\\AppData\\Local\\Programs\\XAMPP\\htdocs\\PokemonStore_top_soft\\pokemonstore\\vendor\\laravel\\framework\\src\\Illuminate\\Database\\Connection.php(497): Illuminate\\Database\\Connection->statement('insert into `us...', Array)
#5 C:\\Users\\57316\\AppData\\Local\\Programs\\XAMPP\\htdocs\\PokemonStore_top_soft\\pokemonstore\\vendor\\laravel\\framework\\src\\Illuminate\\Database\\Query\\Processors\\Processor.php(32): Illuminate\\Database\\Connection->insert('insert into `us...', Array)
#6 C:\\Users\\57316\\AppData\\Local\\Programs\\XAMPP\\htdocs\\PokemonStore_top_soft\\pokemonstore\\vendor\\laravel\\framework\\src\\Illuminate\\Database\\Query\\Builder.php(3246): Illuminate\\Database\\Query\\Processors\\Processor->processInsertGetId(Object(Illuminate\\Database\\Query\\Builder), 'insert into `us...', Array, 'id')
#7 C:\\Users\\57316\\AppData\\Local\\Programs\\XAMPP\\htdocs\\PokemonStore_top_soft\\pokemonstore\\vendor\\laravel\\framework\\src\\Illuminate\\Database\\Eloquent\\Builder.php(1858): Illuminate\\Database\\Query\\Builder->insertGetId(Array, 'id')
#8 C:\\Users\\57316\\AppData\\Local\\Programs\\XAMPP\\htdocs\\PokemonStore_top_soft\\pokemonstore\\vendor\\laravel\\framework\\src\\Illuminate\\Database\\Eloquent\\Model.php(1234): Illuminate\\Database\\Eloquent\\Builder->__call('insertGetId', Array)
#9 C:\\Users\\57316\\AppData\\Local\\Programs\\XAMPP\\htdocs\\PokemonStore_top_soft\\pokemonstore\\vendor\\laravel\\framework\\src\\Illuminate\\Database\\Eloquent\\Model.php(1199): Illuminate\\Database\\Eloquent\\Model->insertAndSetId(Object(Illuminate\\Database\\Eloquent\\Builder), Array)
#10 C:\\Users\\57316\\AppData\\Local\\Programs\\XAMPP\\htdocs\\PokemonStore_top_soft\\pokemonstore\\vendor\\laravel\\framework\\src\\Illuminate\\Database\\Eloquent\\Model.php(1040): Illuminate\\Database\\Eloquent\\Model->performInsert(Object(Illuminate\\Database\\Eloquent\\Builder))
#11 C:\\Users\\57316\\AppData\\Local\\Programs\\XAMPP\\htdocs\\PokemonStore_top_soft\\pokemonstore\\vendor\\laravel\\framework\\src\\Illuminate\\Database\\Eloquent\\Builder.php(975): Illuminate\\Database\\Eloquent\\Model->save()
#12 C:\\Users\\57316\\AppData\\Local\\Programs\\XAMPP\\htdocs\\PokemonStore_top_soft\\pokemonstore\\vendor\\laravel\\framework\\src\\Illuminate\\Support\\helpers.php(302): Illuminate\\Database\\Eloquent\\Builder->Illuminate\\Database\\Eloquent\\{closure}(Object(App\\Models\\User))
#13 C:\\Users\\57316\\AppData\\Local\\Programs\\XAMPP\\htdocs\\PokemonStore_top_soft\\pokemonstore\\vendor\\laravel\\framework\\src\\Illuminate\\Database\\Eloquent\\Builder.php(976): tap(Object(App\\Models\\User), Object(Closure))
#14 C:\\Users\\57316\\AppData\\Local\\Programs\\XAMPP\\htdocs\\PokemonStore_top_soft\\pokemonstore\\vendor\\laravel\\framework\\src\\Illuminate\\Support\\Traits\\ForwardsCalls.php(23): Illuminate\\Database\\Eloquent\\Builder->create(Array)
#15 C:\\Users\\57316\\AppData\\Local\\Programs\\XAMPP\\htdocs\\PokemonStore_top_soft\\pokemonstore\\vendor\\laravel\\framework\\src\\Illuminate\\Database\\Eloquent\\Model.php(2219): Illuminate\\Database\\Eloquent\\Model->forwardCallTo(Object(Illuminate\\Database\\Eloquent\\Builder), 'create', Array)
#16 C:\\Users\\57316\\AppData\\Local\\Programs\\XAMPP\\htdocs\\PokemonStore_top_soft\\pokemonstore\\vendor\\laravel\\framework\\src\\Illuminate\\Database\\Eloquent\\Model.php(2231): Illuminate\\Database\\Eloquent\\Model->__call('create', Array)
#17 C:\\Users\\57316\\AppData\\Local\\Programs\\XAMPP\\htdocs\\PokemonStore_top_soft\\pokemonstore\\app\\Http\\Controllers\\RegisterController.php(23): Illuminate\\Database\\Eloquent\\Model::__callStatic('create', Array)
#18 C:\\Users\\57316\\AppData\\Local\\Programs\\XAMPP\\htdocs\\PokemonStore_top_soft\\pokemonstore\\vendor\\laravel\\framework\\src\\Illuminate\\Routing\\Controller.php(54): App\\Http\\Controllers\\RegisterController->store()
#19 C:\\Users\\57316\\AppData\\Local\\Programs\\XAMPP\\htdocs\\PokemonStore_top_soft\\pokemonstore\\vendor\\laravel\\framework\\src\\Illuminate\\Routing\\ControllerDispatcher.php(45): Illuminate\\Routing\\Controller->callAction('store', Array)
#20 C:\\Users\\57316\\AppData\\Local\\Programs\\XAMPP\\htdocs\\PokemonStore_top_soft\\pokemonstore\\vendor\\laravel\\framework\\src\\Illuminate\\Routing\\Route.php(261): Illuminate\\Routing\\ControllerDispatcher->dispatch(Object(Illuminate\\Routing\\Route), Object(App\\Http\\Controllers\\RegisterController), 'store')
#21 C:\\Users\\57316\\AppData\\Local\\Programs\\XAMPP\\htdocs\\PokemonStore_top_soft\\pokemonstore\\vendor\\laravel\\framework\\src\\Illuminate\\Routing\\Route.php(204): Illuminate\\Routing\\Route->runController()
#22 C:\\Users\\57316\\AppData\\Local\\Programs\\XAMPP\\htdocs\\PokemonStore_top_soft\\pokemonstore\\vendor\\laravel\\framework\\src\\Illuminate\\Routing\\Router.php(725): Illuminate\\Routing\\Route->run()
#23 C:\\Users\\57316\\AppData\\Local\\Programs\\XAMPP\\htdocs\\PokemonStore_top_soft\\pokemonstore\\vendor\\laravel\\framework\\src\\Illuminate\\Pipeline\\Pipeline.php(141): Illuminate\\Routing\\Router->Illuminate\\Routing\\{closure}(Object(Illuminate\\Http\\Request))
#24 C:\\Users\\57316\\AppData\\Local\\Programs\\XAMPP\\htdocs\\PokemonStore_top_soft\\pokemonstore\\vendor\\laravel\\framework\\src\\Illuminate\\Routing\\Middleware\\SubstituteBindings.php(50): Illuminate\\Pipeline\\Pipeline->Illuminate\\Pipeline\\{closure}(Object(Illuminate\\Http\\Request))
#25 C:\\Users\\57316\\AppData\\Local\\Programs\\XAMPP\\htdocs\\PokemonStore_top_soft\\pokemonstore\\vendor\\laravel\\framework\\src\\Illuminate\\Pipeline\\Pipeline.php(180): Illuminate\\Routing\\Middleware\\SubstituteBindings->handle(Object(Illuminate\\Http\\Request), Object(Closure))
#26 C:\\Users\\57316\\AppData\\Local\\Programs\\XAMPP\\htdocs\\PokemonStore_top_soft\\pokemonstore\\vendor\\laravel\\framework\\src\\Illuminate\\Foundation\\Http\\Middleware\\VerifyCsrfToken.php(78): Illuminate\\Pipeline\\Pipeline->Illuminate\\Pipeline\\{closure}(Object(Illuminate\\Http\\Request))
#27 C:\\Users\\57316\\AppData\\Local\\Programs\\XAMPP\\htdocs\\PokemonStore_top_soft\\pokemonstore\\vendor\\laravel\\framework\\src\\Illuminate\\Pipeline\\Pipeline.php(180): Illuminate\\Foundation\\Http\\Middleware\\VerifyCsrfToken->handle(Object(Illuminate\\Http\\Request), Object(Closure))
#28 C:\\Users\\57316\\AppData\\Local\\Programs\\XAMPP\\htdocs\\PokemonStore_top_soft\\pokemonstore\\vendor\\laravel\\framework\\src\\Illuminate\\View\\Middleware\\ShareErrorsFromSession.php(49): Illuminate\\Pipeline\\Pipeline->Illuminate\\Pipeline\\{closure}(Object(Illuminate\\Http\\Request))
#29 C:\\Users\\57316\\AppData\\Local\\Programs\\XAMPP\\htdocs\\PokemonStore_top_soft\\pokemonstore\\vendor\\laravel\\framework\\src\\Illuminate\\Pipeline\\Pipeline.php(180): Illuminate\\View\\Middleware\\ShareErrorsFromSession->handle(Object(Illuminate\\Http\\Request), Object(Closure))
#30 C:\\Users\\57316\\AppData\\Local\\Programs\\XAMPP\\htdocs\\PokemonStore_top_soft\\pokemonstore\\vendor\\laravel\\framework\\src\\Illuminate\\Session\\Middleware\\StartSession.php(121): Illuminate\\Pipeline\\Pipeline->Illuminate\\Pipeline\\{closure}(Object(Illuminate\\Http\\Request))
#31 C:\\Users\\57316\\AppData\\Local\\Programs\\XAMPP\\htdocs\\PokemonStore_top_soft\\pokemonstore\\vendor\\laravel\\framework\\src\\Illuminate\\Session\\Middleware\\StartSession.php(64): Illuminate\\Session\\Middleware\\StartSession->handleStatefulRequest(Object(Illuminate\\Http\\Request), Object(Illuminate\\Session\\Store), Object(Closure))
#32 C:\\Users\\57316\\AppData\\Local\\Programs\\XAMPP\\htdocs\\PokemonStore_top_soft\\pokemonstore\\vendor\\laravel\\framework\\src\\Illuminate\\Pipeline\\Pipeline.php(180): Illuminate\\Session\\Middleware\\StartSession->handle(Object(Illuminate\\Http\\Request), Object(Closure))
#33 C:\\Users\\57316\\AppData\\Local\\Programs\\XAMPP\\htdocs\\PokemonStore_top_soft\\pokemonstore\\vendor\\laravel\\framework\\src\\Illuminate\\Cookie\\Middleware\\AddQueuedCookiesToResponse.php(37): Illuminate\\Pipeline\\Pipeline->Illuminate\\Pipeline\\{closure}(Object(Illuminate\\Http\\Request))
#34 C:\\Users\\57316\\AppData\\Local\\Programs\\XAMPP\\htdocs\\PokemonStore_top_soft\\pokemonstore\\vendor\\laravel\\framework\\src\\Illuminate\\Pipeline\\Pipeline.php(180): Illuminate\\Cookie\\Middleware\\AddQueuedCookiesToResponse->handle(Object(Illuminate\\Http\\Request), Object(Closure))
#35 C:\\Users\\57316\\AppData\\Local\\Programs\\XAMPP\\htdocs\\PokemonStore_top_soft\\pokemonstore\\vendor\\laravel\\framework\\src\\Illuminate\\Cookie\\Middleware\\EncryptCookies.php(67): Illuminate\\Pipeline\\Pipeline->Illuminate\\Pipeline\\{closure}(Object(Illuminate\\Http\\Request))
#36 C:\\Users\\57316\\AppData\\Local\\Programs\\XAMPP\\htdocs\\PokemonStore_top_soft\\pokemonstore\\vendor\\laravel\\framework\\src\\Illuminate\\Pipeline\\Pipeline.php(180): Illuminate\\Cookie\\Middleware\\EncryptCookies->handle(Object(Illuminate\\Http\\Request), Object(Closure))
#37 C:\\Users\\57316\\AppData\\Local\\Programs\\XAMPP\\htdocs\\PokemonStore_top_soft\\pokemonstore\\vendor\\laravel\\framework\\src\\Illuminate\\Pipeline\\Pipeline.php(116): Illuminate\\Pipeline\\Pipeline->Illuminate\\Pipeline\\{closure}(Object(Illuminate\\Http\\Request))
#38 C:\\Users\\57316\\AppData\\Local\\Programs\\XAMPP\\htdocs\\PokemonStore_top_soft\\pokemonstore\\vendor\\laravel\\framework\\src\\Illuminate\\Routing\\Router.php(726): Illuminate\\Pipeline\\Pipeline->then(Object(Closure))
#39 C:\\Users\\57316\\AppData\\Local\\Programs\\XAMPP\\htdocs\\PokemonStore_top_soft\\pokemonstore\\vendor\\laravel\\framework\\src\\Illuminate\\Routing\\Router.php(703): Illuminate\\Routing\\Router->runRouteWithinStack(Object(Illuminate\\Routing\\Route), Object(Illuminate\\Http\\Request))
#40 C:\\Users\\57316\\AppData\\Local\\Programs\\XAMPP\\htdocs\\PokemonStore_top_soft\\pokemonstore\\vendor\\laravel\\framework\\src\\Illuminate\\Routing\\Router.php(667): Illuminate\\Routing\\Router->runRoute(Object(Illuminate\\Http\\Request), Object(Illuminate\\Routing\\Route))
#41 C:\\Users\\57316\\AppData\\Local\\Programs\\XAMPP\\htdocs\\PokemonStore_top_soft\\pokemonstore\\vendor\\laravel\\framework\\src\\Illuminate\\Routing\\Router.php(656): Illuminate\\Routing\\Router->dispatchToRoute(Object(Illuminate\\Http\\Request))
#42 C:\\Users\\57316\\AppData\\Local\\Programs\\XAMPP\\htdocs\\PokemonStore_top_soft\\pokemonstore\\vendor\\laravel\\framework\\src\\Illuminate\\Foundation\\Http\\Kernel.php(167): Illuminate\\Routing\\Router->dispatch(Object(Illuminate\\Http\\Request))
#43 C:\\Users\\57316\\AppData\\Local\\Programs\\XAMPP\\htdocs\\PokemonStore_top_soft\\pokemonstore\\vendor\\laravel\\framework\\src\\Illuminate\\Pipeline\\Pipeline.php(141): Illuminate\\Foundation\\Http\\Kernel->Illuminate\\Foundation\\Http\\{closure}(Object(Illuminate\\Http\\Request))
#44 C:\\Users\\57316\\AppData\\Local\\Programs\\XAMPP\\htdocs\\PokemonStore_top_soft\\pokemonstore\\vendor\\laravel\\framework\\src\\Illuminate\\Foundation\\Http\\Middleware\\TransformsRequest.php(21): Illuminate\\Pipeline\\Pipeline->Illuminate\\Pipeline\\{closure}(Object(Illuminate\\Http\\Request))
#45 C:\\Users\\57316\\AppData\\Local\\Programs\\XAMPP\\htdocs\\PokemonStore_top_soft\\pokemonstore\\vendor\\laravel\\framework\\src\\Illuminate\\Foundation\\Http\\Middleware\\ConvertEmptyStringsToNull.php(31): Illuminate\\Foundation\\Http\\Middleware\\TransformsRequest->handle(Object(Illuminate\\Http\\Request), Object(Closure))
#46 C:\\Users\\57316\\AppData\\Local\\Programs\\XAMPP\\htdocs\\PokemonStore_top_soft\\pokemonstore\\vendor\\laravel\\framework\\src\\Illuminate\\Pipeline\\Pipeline.php(180): Illuminate\\Foundation\\Http\\Middleware\\ConvertEmptyStringsToNull->handle(Object(Illuminate\\Http\\Request), Object(Closure))
#47 C:\\Users\\57316\\AppData\\Local\\Programs\\XAMPP\\htdocs\\PokemonStore_top_soft\\pokemonstore\\vendor\\laravel\\framework\\src\\Illuminate\\Foundation\\Http\\Middleware\\TransformsRequest.php(21): Illuminate\\Pipeline\\Pipeline->Illuminate\\Pipeline\\{closure}(Object(Illuminate\\Http\\Request))
#48 C:\\Users\\57316\\AppData\\Local\\Programs\\XAMPP\\htdocs\\PokemonStore_top_soft\\pokemonstore\\vendor\\laravel\\framework\\src\\Illuminate\\Foundation\\Http\\Middleware\\TrimStrings.php(40): Illuminate\\Foundation\\Http\\Middleware\\TransformsRequest->handle(Object(Illuminate\\Http\\Request), Object(Closure))
#49 C:\\Users\\57316\\AppData\\Local\\Programs\\XAMPP\\htdocs\\PokemonStore_top_soft\\pokemonstore\\vendor\\laravel\\framework\\src\\Illuminate\\Pipeline\\Pipeline.php(180): Illuminate\\Foundation\\Http\\Middleware\\TrimStrings->handle(Object(Illuminate\\Http\\Request), Object(Closure))
#50 C:\\Users\\57316\\AppData\\Local\\Programs\\XAMPP\\htdocs\\PokemonStore_top_soft\\pokemonstore\\vendor\\laravel\\framework\\src\\Illuminate\\Foundation\\Http\\Middleware\\ValidatePostSize.php(27): Illuminate\\Pipeline\\Pipeline->Illuminate\\Pipeline\\{closure}(Object(Illuminate\\Http\\Request))
#51 C:\\Users\\57316\\AppData\\Local\\Programs\\XAMPP\\htdocs\\PokemonStore_top_soft\\pokemonstore\\vendor\\laravel\\framework\\src\\Illuminate\\Pipeline\\Pipeline.php(180): Illuminate\\Foundation\\Http\\Middleware\\ValidatePostSize->handle(Object(Illuminate\\Http\\Request), Object(Closure))
#52 C:\\Users\\57316\\AppData\\Local\\Programs\\XAMPP\\htdocs\\PokemonStore_top_soft\\pokemonstore\\vendor\\laravel\\framework\\src\\Illuminate\\Foundation\\Http\\Middleware\\PreventRequestsDuringMaintenance.php(86): Illuminate\\Pipeline\\Pipeline->Illuminate\\Pipeline\\{closure}(Object(Illuminate\\Http\\Request))
#53 C:\\Users\\57316\\AppData\\Local\\Programs\\XAMPP\\htdocs\\PokemonStore_top_soft\\pokemonstore\\vendor\\laravel\\framework\\src\\Illuminate\\Pipeline\\Pipeline.php(180): Illuminate\\Foundation\\Http\\Middleware\\PreventRequestsDuringMaintenance->handle(Object(Illuminate\\Http\\Request), Object(Closure))
#54 C:\\Users\\57316\\AppData\\Local\\Programs\\XAMPP\\htdocs\\PokemonStore_top_soft\\pokemonstore\\vendor\\laravel\\framework\\src\\Illuminate\\Http\\Middleware\\HandleCors.php(49): Illuminate\\Pipeline\\Pipeline->Illuminate\\Pipeline\\{closure}(Object(Illuminate\\Http\\Request))
#55 C:\\Users\\57316\\AppData\\Local\\Programs\\XAMPP\\htdocs\\PokemonStore_top_soft\\pokemonstore\\vendor\\laravel\\framework\\src\\Illuminate\\Pipeline\\Pipeline.php(180): Illuminate\\Http\\Middleware\\HandleCors->handle(Object(Illuminate\\Http\\Request), Object(Closure))
#56 C:\\Users\\57316\\AppData\\Local\\Programs\\XAMPP\\htdocs\\PokemonStore_top_soft\\pokemonstore\\vendor\\laravel\\framework\\src\\Illuminate\\Http\\Middleware\\TrustProxies.php(39): Illuminate\\Pipeline\\Pipeline->Illuminate\\Pipeline\\{closure}(Object(Illuminate\\Http\\Request))
#57 C:\\Users\\57316\\AppData\\Local\\Programs\\XAMPP\\htdocs\\PokemonStore_top_soft\\pokemonstore\\vendor\\laravel\\framework\\src\\Illuminate\\Pipeline\\Pipeline.php(180): Illuminate\\Http\\Middleware\\TrustProxies->handle(Object(Illuminate\\Http\\Request), Object(Closure))
#58 C:\\Users\\57316\\AppData\\Local\\Programs\\XAMPP\\htdocs\\PokemonStore_top_soft\\pokemonstore\\vendor\\laravel\\framework\\src\\Illuminate\\Pipeline\\Pipeline.php(116): Illuminate\\Pipeline\\Pipeline->Illuminate\\Pipeline\\{closure}(Object(Illuminate\\Http\\Request))
#59 C:\\Users\\57316\\AppData\\Local\\Programs\\XAMPP\\htdocs\\PokemonStore_top_soft\\pokemonstore\\vendor\\laravel\\framework\\src\\Illuminate\\Foundation\\Http\\Kernel.php(142): Illuminate\\Pipeline\\Pipeline->then(Object(Closure))
#60 C:\\Users\\57316\\AppData\\Local\\Programs\\XAMPP\\htdocs\\PokemonStore_top_soft\\pokemonstore\\vendor\\laravel\\framework\\src\\Illuminate\\Foundation\\Http\\Kernel.php(111): Illuminate\\Foundation\\Http\\Kernel->sendRequestThroughRouter(Object(Illuminate\\Http\\Request))
#61 C:\\Users\\57316\\AppData\\Local\\Programs\\XAMPP\\htdocs\\PokemonStore_top_soft\\pokemonstore\\public\\index.php(52): Illuminate\\Foundation\\Http\\Kernel->handle(Object(Illuminate\\Http\\Request))
#62 C:\\Users\\57316\\AppData\\Local\\Programs\\XAMPP\\htdocs\\PokemonStore_top_soft\\pokemonstore\\vendor\\laravel\\framework\\src\\Illuminate\\Foundation\\resources\\server.php(16): require_once('C:\\\\Users\\\\57316\\\\...')
#63 {main}
"} 
